<?xml version="1.0" encoding="UTF-8"?>
<!-- Generated by org.testng.reporters.JUnitXMLReporter -->
<testsuite hostname="Mohammads-MacBook-Pro.local" name="Default test" tests="3" failures="0" timestamp="1 Nov 2022 20:32:22 GMT" time="67.044" errors="0">
  <testcase name="feature" time="32.543" classname="upskill.runners.RunnerClass"/>
  <testcase name="feature" time="25.673" classname="upskill.runners.RunnerClass"/>
  <testcase name="feature" time="8.303" classname="upskill.runners.RunnerClass"/>
</testsuite> <!-- Default test -->
